Mesprit Mesprit из команды черных вступает в бой!
Trapinch Trapinch из команды полосатых вступает в бой!
Mesprit Mesprit использует Thunder. 
Trapinch Trapinch теряет 1 здоровья.
Trapinch Trapinch не замечает воздействие типа ELECTRIC

Trapinch Trapinch промахивается

Mesprit Mesprit использует Extrasensory. 
Trapinch Trapinch теряет 344 здоровья.
Trapinch Trapinch теряет сознание.
Flygon Flygon из команды полосатых вступает в бой!
Flygon Flygon использует Feint Attack. 
Mesprit Mesprit теряет 38 здоровья.

Mesprit Mesprit использует Energy Ball. 
Flygon Flygon теряет 18 здоровья.

Flygon Flygon промахивается

Mesprit Mesprit использует Swift. 
Flygon Flygon теряет 11 здоровья.

Flygon Flygon использует Feint Attack. 
Критический удар!
Mesprit Mesprit теряет 87 здоровья.
Mesprit Mesprit теряет сознание.
Psyduck Psyduck из команды черных вступает в бой!
Flygon Flygon использует Feint Attack. 
Критический удар!
Psyduck Psyduck теряет 517 здоровья.
Psyduck Psyduck теряет сознание.
Golduck Golduck из команды черных вступает в бой!
Flygon Flygon использует Mud-Slap и снижает Accuracy на уровень. 
Golduck Golduck теряет 15 здоровья.
Golduck Golduck уменьшает точность.

Golduck Golduck использует Blizzard. 
Flygon Flygon теряет 67 здоровья.

Flygon Flygon промахивается

Golduck Golduck использует Scratch. 
Flygon Flygon теряет 10 здоровья.

Golduck Golduck использует AquaJet. 
Flygon Flygon теряет 11 здоровья.

Flygon Flygon промахивается

Flygon Flygon использует Bug Buzz. 
Критический удар!
Golduck Golduck теряет 67 здоровья.

Golduck Golduck использует Blizzard. 
Flygon Flygon теряет 83 здоровья.
Flygon Flygon теряет сознание.
Vibrava Vibrava из команды полосатых вступает в бой!
Golduck Golduck использует AquaJet. 
Vibrava Vibrava теряет 14 здоровья.

Vibrava Vibrava использует Bug Buzz. 
Критический удар!
Golduck Golduck теряет 29 здоровья.
Golduck Golduck уменьшает специальную защиту.
Golduck Golduck теряет сознание.
В команде черных не осталось покемонов.
Команда полосатых побеждает в этом бою!